<?xml version="1.0" encoding="UTF-8"?>
<!-- Generated by org.testng.reporters.JUnitReportReporter -->
<testsuite hostname="LAPTOP-KC6V0NPL" failures="0" tests="2" name="test.ImdbTest" time="12.628" errors="0" timestamp="2022-11-25T11:20:22 IST" skipped="0">
  <testcase classname="test.ImdbTest" name="countryTest" time="7.902"/>
  <system-out/>
  <testcase classname="test.ImdbTest" name="dateTest" time="4.726"/>
  <system-out/>
</testsuite> <!-- test.ImdbTest -->
